<?xml version="1.0" encoding="UTF-8"?>
<!-- Generated by org.testng.reporters.JUnitXMLReporter -->
<testsuite ignored="0" hostname="DESKTOP-KIS4N2E" failures="0" tests="3" name="Test" time="41.175" errors="0" timestamp="2023-07-25T09:24:00 IST">
  <testcase classname="eCommerceProject.FlipKart" name="flipKartTest" time="16.513"/>
  <testcase classname="eCommerceProject.Ajio" name="ajioTest" time="13.22"/>
  <testcase classname="eCommerceProject.Amazon" name="azmazonTest" time="11.352"/>
</testsuite> <!-- Test -->
